[30-Aug-2024 04:06:27 Europe/Berlin] PHP Deprecated:  Creation of dynamic property Furniture::$id is deprecated in C:\xampp\htdocs\DemoProject\phpside\Furniture.php on line 19
[30-Aug-2024 04:06:27 Europe/Berlin] PHP Deprecated:  Creation of dynamic property Furniture::$name is deprecated in C:\xampp\htdocs\DemoProject\phpside\Furniture.php on line 20
[30-Aug-2024 04:06:27 Europe/Berlin] PHP Deprecated:  Creation of dynamic property Furniture::$price is deprecated in C:\xampp\htdocs\DemoProject\phpside\Furniture.php on line 21
[30-Aug-2024 04:06:27 Europe/Berlin] PHP Deprecated:  Creation of dynamic property Furniture::$item_type is deprecated in C:\xampp\htdocs\DemoProject\phpside\Furniture.php on line 22
[30-Aug-2024 04:06:27 Europe/Berlin] PHP Fatal error:  Uncaught PDOException: SQLSTATE[3D000]: Invalid catalog name: 1046 No database selected in C:\xampp\htdocs\DemoProject\phpside\Furniture.php:24
Stack trace:
#0 C:\xampp\htdocs\DemoProject\phpside\Furniture.php(24): PDOStatement->execute()
#1 C:\xampp\htdocs\DemoProject\phpside\index.php(43): Furniture->save(Object(PDO))
#2 {main}
  thrown in C:\xampp\htdocs\DemoProject\phpside\Furniture.php on line 24
[30-Aug-2024 04:07:48 Europe/Berlin] PHP Deprecated:  Creation of dynamic property Furniture::$id is deprecated in C:\xampp\htdocs\DemoProject\phpside\Furniture.php on line 19
[30-Aug-2024 04:07:48 Europe/Berlin] PHP Deprecated:  Creation of dynamic property Furniture::$name is deprecated in C:\xampp\htdocs\DemoProject\phpside\Furniture.php on line 20
[30-Aug-2024 04:07:48 Europe/Berlin] PHP Deprecated:  Creation of dynamic property Furniture::$price is deprecated in C:\xampp\htdocs\DemoProject\phpside\Furniture.php on line 21
[30-Aug-2024 04:07:48 Europe/Berlin] PHP Deprecated:  Creation of dynamic property Furniture::$item_type is deprecated in C:\xampp\htdocs\DemoProject\phpside\Furniture.php on line 22
[30-Aug-2024 04:07:48 Europe/Berlin] PHP Fatal error:  Uncaught PDOException: SQLSTATE[3D000]: Invalid catalog name: 1046 No database selected in C:\xampp\htdocs\DemoProject\phpside\Furniture.php:24
Stack trace:
#0 C:\xampp\htdocs\DemoProject\phpside\Furniture.php(24): PDOStatement->execute()
#1 C:\xampp\htdocs\DemoProject\phpside\index.php(43): Furniture->save(Object(PDO))
#2 {main}
  thrown in C:\xampp\htdocs\DemoProject\phpside\Furniture.php on line 24
[30-Aug-2024 04:09:32 Europe/Berlin] PHP Deprecated:  Creation of dynamic property Furniture::$id is deprecated in C:\xampp\htdocs\DemoProject\phpside\Furniture.php on line 19
[30-Aug-2024 04:09:32 Europe/Berlin] PHP Deprecated:  Creation of dynamic property Furniture::$name is deprecated in C:\xampp\htdocs\DemoProject\phpside\Furniture.php on line 20
[30-Aug-2024 04:09:32 Europe/Berlin] PHP Deprecated:  Creation of dynamic property Furniture::$price is deprecated in C:\xampp\htdocs\DemoProject\phpside\Furniture.php on line 21
[30-Aug-2024 04:09:32 Europe/Berlin] PHP Deprecated:  Creation of dynamic property Furniture::$item_type is deprecated in C:\xampp\htdocs\DemoProject\phpside\Furniture.php on line 22
[30-Aug-2024 04:09:32 Europe/Berlin] PHP Fatal error:  Uncaught PDOException: SQLSTATE[3D000]: Invalid catalog name: 1046 No database selected in C:\xampp\htdocs\DemoProject\phpside\Furniture.php:24
Stack trace:
#0 C:\xampp\htdocs\DemoProject\phpside\Furniture.php(24): PDOStatement->execute()
#1 C:\xampp\htdocs\DemoProject\phpside\index.php(43): Furniture->save(Object(PDO))
#2 {main}
  thrown in C:\xampp\htdocs\DemoProject\phpside\Furniture.php on line 24
[30-Aug-2024 04:10:25 Europe/Berlin] PHP Deprecated:  Creation of dynamic property Furniture::$id is deprecated in C:\xampp\htdocs\DemoProject\phpside\Furniture.php on line 19
[30-Aug-2024 04:10:25 Europe/Berlin] PHP Deprecated:  Creation of dynamic property Furniture::$name is deprecated in C:\xampp\htdocs\DemoProject\phpside\Furniture.php on line 20
[30-Aug-2024 04:10:25 Europe/Berlin] PHP Deprecated:  Creation of dynamic property Furniture::$price is deprecated in C:\xampp\htdocs\DemoProject\phpside\Furniture.php on line 21
[30-Aug-2024 04:10:25 Europe/Berlin] PHP Deprecated:  Creation of dynamic property Furniture::$item_type is deprecated in C:\xampp\htdocs\DemoProject\phpside\Furniture.php on line 22
[30-Aug-2024 04:10:25 Europe/Berlin] PHP Fatal error:  Uncaught PDOException: SQLSTATE[3D000]: Invalid catalog name: 1046 No database selected in C:\xampp\htdocs\DemoProject\phpside\Furniture.php:24
Stack trace:
#0 C:\xampp\htdocs\DemoProject\phpside\Furniture.php(24): PDOStatement->execute()
#1 C:\xampp\htdocs\DemoProject\phpside\index.php(43): Furniture->save(Object(PDO))
#2 {main}
  thrown in C:\xampp\htdocs\DemoProject\phpside\Furniture.php on line 24
[30-Aug-2024 04:11:14 Europe/Berlin] PHP Deprecated:  Creation of dynamic property Furniture::$id is deprecated in C:\xampp\htdocs\DemoProject\phpside\Furniture.php on line 19
[30-Aug-2024 04:11:14 Europe/Berlin] PHP Deprecated:  Creation of dynamic property Furniture::$name is deprecated in C:\xampp\htdocs\DemoProject\phpside\Furniture.php on line 20
[30-Aug-2024 04:11:14 Europe/Berlin] PHP Deprecated:  Creation of dynamic property Furniture::$price is deprecated in C:\xampp\htdocs\DemoProject\phpside\Furniture.php on line 21
[30-Aug-2024 04:11:14 Europe/Berlin] PHP Deprecated:  Creation of dynamic property Furniture::$item_type is deprecated in C:\xampp\htdocs\DemoProject\phpside\Furniture.php on line 22
[30-Aug-2024 04:11:14 Europe/Berlin] PHP Fatal error:  Uncaught PDOException: SQLSTATE[3D000]: Invalid catalog name: 1046 No database selected in C:\xampp\htdocs\DemoProject\phpside\Furniture.php:24
Stack trace:
#0 C:\xampp\htdocs\DemoProject\phpside\Furniture.php(24): PDOStatement->execute()
#1 C:\xampp\htdocs\DemoProject\phpside\index.php(43): Furniture->save(Object(PDO))
#2 {main}
  thrown in C:\xampp\htdocs\DemoProject\phpside\Furniture.php on line 24
[30-Aug-2024 04:12:25 Europe/Berlin] PHP Deprecated:  Creation of dynamic property Furniture::$id is deprecated in C:\xampp\htdocs\DemoProject\phpside\Furniture.php on line 19
[30-Aug-2024 04:12:25 Europe/Berlin] PHP Deprecated:  Creation of dynamic property Furniture::$name is deprecated in C:\xampp\htdocs\DemoProject\phpside\Furniture.php on line 20
[30-Aug-2024 04:12:25 Europe/Berlin] PHP Deprecated:  Creation of dynamic property Furniture::$price is deprecated in C:\xampp\htdocs\DemoProject\phpside\Furniture.php on line 21
[30-Aug-2024 04:12:25 Europe/Berlin] PHP Deprecated:  Creation of dynamic property Furniture::$item_type is deprecated in C:\xampp\htdocs\DemoProject\phpside\Furniture.php on line 22
[30-Aug-2024 04:12:25 Europe/Berlin] PHP Fatal error:  Uncaught PDOException: SQLSTATE[3D000]: Invalid catalog name: 1046 No database selected in C:\xampp\htdocs\DemoProject\phpside\Furniture.php:24
Stack trace:
#0 C:\xampp\htdocs\DemoProject\phpside\Furniture.php(24): PDOStatement->execute()
#1 C:\xampp\htdocs\DemoProject\phpside\index.php(43): Furniture->save(Object(PDO))
#2 {main}
  thrown in C:\xampp\htdocs\DemoProject\phpside\Furniture.php on line 24
[30-Aug-2024 17:53:26 Europe/Berlin] PHP Deprecated:  Creation of dynamic property Furniture::$id is deprecated in C:\xampp\htdocs\DemoProject\phpside\Furniture.php on line 19
[30-Aug-2024 17:53:26 Europe/Berlin] PHP Deprecated:  Creation of dynamic property Furniture::$name is deprecated in C:\xampp\htdocs\DemoProject\phpside\Furniture.php on line 20
[30-Aug-2024 17:53:26 Europe/Berlin] PHP Deprecated:  Creation of dynamic property Furniture::$price is deprecated in C:\xampp\htdocs\DemoProject\phpside\Furniture.php on line 21
[30-Aug-2024 17:53:26 Europe/Berlin] PHP Deprecated:  Creation of dynamic property Furniture::$item_type is deprecated in C:\xampp\htdocs\DemoProject\phpside\Furniture.php on line 22
[30-Aug-2024 17:53:26 Europe/Berlin] PHP Fatal error:  Uncaught PDOException: SQLSTATE[3D000]: Invalid catalog name: 1046 No database selected in C:\xampp\htdocs\DemoProject\phpside\Furniture.php:24
Stack trace:
#0 C:\xampp\htdocs\DemoProject\phpside\Furniture.php(24): PDOStatement->execute()
#1 C:\xampp\htdocs\DemoProject\phpside\index.php(43): Furniture->save(Object(PDO))
#2 {main}
  thrown in C:\xampp\htdocs\DemoProject\phpside\Furniture.php on line 24
[30-Aug-2024 18:00:48 Europe/Berlin] PHP Warning:  Undefined property: Furniture::$item_name in C:\xampp\htdocs\DemoProject\phpside\index.php on line 44
[30-Aug-2024 18:01:29 Europe/Berlin] PHP Warning:  Undefined property: Furniture::$item_name in C:\xampp\htdocs\DemoProject\phpside\index.php on line 44
[30-Aug-2024 18:02:20 Europe/Berlin] PHP Warning:  Undefined property: Furniture::$getName in C:\xampp\htdocs\DemoProject\phpside\index.php on line 44
[03-Sep-2024 01:25:24 Europe/Berlin] PHP Deprecated:  Creation of dynamic property Furniture::$id is deprecated in C:\xampp\htdocs\DemoProject\phpside\Furniture.php on line 19
[03-Sep-2024 01:25:24 Europe/Berlin] PHP Deprecated:  Creation of dynamic property Furniture::$name is deprecated in C:\xampp\htdocs\DemoProject\phpside\Furniture.php on line 20
[03-Sep-2024 01:25:24 Europe/Berlin] PHP Deprecated:  Creation of dynamic property Furniture::$price is deprecated in C:\xampp\htdocs\DemoProject\phpside\Furniture.php on line 21
[03-Sep-2024 01:25:24 Europe/Berlin] PHP Deprecated:  Creation of dynamic property Furniture::$item_type is deprecated in C:\xampp\htdocs\DemoProject\phpside\Furniture.php on line 22
[03-Sep-2024 01:25:24 Europe/Berlin] PHP Fatal error:  Uncaught PDOException: SQLSTATE[3D000]: Invalid catalog name: 1046 No database selected in C:\xampp\htdocs\DemoProject\phpside\Furniture.php:24
Stack trace:
#0 C:\xampp\htdocs\DemoProject\phpside\Furniture.php(24): PDOStatement->execute()
#1 C:\xampp\htdocs\DemoProject\phpside\index.php(43): Furniture->save(Object(PDO))
#2 {main}
  thrown in C:\xampp\htdocs\DemoProject\phpside\Furniture.php on line 24
[03-Sep-2024 01:25:57 Europe/Berlin] PHP Deprecated:  Creation of dynamic property Furniture::$id is deprecated in C:\xampp\htdocs\DemoProject\phpside\Furniture.php on line 19
[03-Sep-2024 01:25:57 Europe/Berlin] PHP Deprecated:  Creation of dynamic property Furniture::$name is deprecated in C:\xampp\htdocs\DemoProject\phpside\Furniture.php on line 20
[03-Sep-2024 01:25:57 Europe/Berlin] PHP Deprecated:  Creation of dynamic property Furniture::$price is deprecated in C:\xampp\htdocs\DemoProject\phpside\Furniture.php on line 21
[03-Sep-2024 01:25:57 Europe/Berlin] PHP Deprecated:  Creation of dynamic property Furniture::$item_type is deprecated in C:\xampp\htdocs\DemoProject\phpside\Furniture.php on line 22
[03-Sep-2024 01:25:57 Europe/Berlin] PHP Fatal error:  Uncaught PDOException: SQLSTATE[3D000]: Invalid catalog name: 1046 No database selected in C:\xampp\htdocs\DemoProject\phpside\Furniture.php:24
Stack trace:
#0 C:\xampp\htdocs\DemoProject\phpside\Furniture.php(24): PDOStatement->execute()
#1 C:\xampp\htdocs\DemoProject\phpside\index.php(43): Furniture->save(Object(PDO))
#2 {main}
  thrown in C:\xampp\htdocs\DemoProject\phpside\Furniture.php on line 24
[03-Sep-2024 01:25:58 Europe/Berlin] PHP Deprecated:  Creation of dynamic property Furniture::$id is deprecated in C:\xampp\htdocs\DemoProject\phpside\Furniture.php on line 19
[03-Sep-2024 01:25:58 Europe/Berlin] PHP Deprecated:  Creation of dynamic property Furniture::$name is deprecated in C:\xampp\htdocs\DemoProject\phpside\Furniture.php on line 20
[03-Sep-2024 01:25:58 Europe/Berlin] PHP Deprecated:  Creation of dynamic property Furniture::$price is deprecated in C:\xampp\htdocs\DemoProject\phpside\Furniture.php on line 21
[03-Sep-2024 01:25:58 Europe/Berlin] PHP Deprecated:  Creation of dynamic property Furniture::$item_type is deprecated in C:\xampp\htdocs\DemoProject\phpside\Furniture.php on line 22
[03-Sep-2024 01:25:58 Europe/Berlin] PHP Fatal error:  Uncaught PDOException: SQLSTATE[3D000]: Invalid catalog name: 1046 No database selected in C:\xampp\htdocs\DemoProject\phpside\Furniture.php:24
Stack trace:
#0 C:\xampp\htdocs\DemoProject\phpside\Furniture.php(24): PDOStatement->execute()
#1 C:\xampp\htdocs\DemoProject\phpside\index.php(43): Furniture->save(Object(PDO))
#2 {main}
  thrown in C:\xampp\htdocs\DemoProject\phpside\Furniture.php on line 24
[03-Sep-2024 01:25:59 Europe/Berlin] PHP Deprecated:  Creation of dynamic property Furniture::$id is deprecated in C:\xampp\htdocs\DemoProject\phpside\Furniture.php on line 19
[03-Sep-2024 01:25:59 Europe/Berlin] PHP Deprecated:  Creation of dynamic property Furniture::$name is deprecated in C:\xampp\htdocs\DemoProject\phpside\Furniture.php on line 20
[03-Sep-2024 01:25:59 Europe/Berlin] PHP Deprecated:  Creation of dynamic property Furniture::$price is deprecated in C:\xampp\htdocs\DemoProject\phpside\Furniture.php on line 21
[03-Sep-2024 01:25:59 Europe/Berlin] PHP Deprecated:  Creation of dynamic property Furniture::$item_type is deprecated in C:\xampp\htdocs\DemoProject\phpside\Furniture.php on line 22
[03-Sep-2024 01:25:59 Europe/Berlin] PHP Fatal error:  Uncaught PDOException: SQLSTATE[3D000]: Invalid catalog name: 1046 No database selected in C:\xampp\htdocs\DemoProject\phpside\Furniture.php:24
Stack trace:
#0 C:\xampp\htdocs\DemoProject\phpside\Furniture.php(24): PDOStatement->execute()
#1 C:\xampp\htdocs\DemoProject\phpside\index.php(43): Furniture->save(Object(PDO))
#2 {main}
  thrown in C:\xampp\htdocs\DemoProject\phpside\Furniture.php on line 24
[03-Sep-2024 01:26:05 Europe/Berlin] PHP Deprecated:  Creation of dynamic property Furniture::$id is deprecated in C:\xampp\htdocs\DemoProject\phpside\Furniture.php on line 19
[03-Sep-2024 01:26:05 Europe/Berlin] PHP Deprecated:  Creation of dynamic property Furniture::$name is deprecated in C:\xampp\htdocs\DemoProject\phpside\Furniture.php on line 20
[03-Sep-2024 01:26:05 Europe/Berlin] PHP Deprecated:  Creation of dynamic property Furniture::$price is deprecated in C:\xampp\htdocs\DemoProject\phpside\Furniture.php on line 21
[03-Sep-2024 01:26:05 Europe/Berlin] PHP Deprecated:  Creation of dynamic property Furniture::$item_type is deprecated in C:\xampp\htdocs\DemoProject\phpside\Furniture.php on line 22
[03-Sep-2024 01:26:05 Europe/Berlin] PHP Fatal error:  Uncaught PDOException: SQLSTATE[3D000]: Invalid catalog name: 1046 No database selected in C:\xampp\htdocs\DemoProject\phpside\Furniture.php:24
Stack trace:
#0 C:\xampp\htdocs\DemoProject\phpside\Furniture.php(24): PDOStatement->execute()
#1 C:\xampp\htdocs\DemoProject\phpside\index.php(43): Furniture->save(Object(PDO))
#2 {main}
  thrown in C:\xampp\htdocs\DemoProject\phpside\Furniture.php on line 24
[03-Sep-2024 01:26:06 Europe/Berlin] PHP Deprecated:  Creation of dynamic property Furniture::$id is deprecated in C:\xampp\htdocs\DemoProject\phpside\Furniture.php on line 19
[03-Sep-2024 01:26:06 Europe/Berlin] PHP Deprecated:  Creation of dynamic property Furniture::$name is deprecated in C:\xampp\htdocs\DemoProject\phpside\Furniture.php on line 20
[03-Sep-2024 01:26:06 Europe/Berlin] PHP Deprecated:  Creation of dynamic property Furniture::$price is deprecated in C:\xampp\htdocs\DemoProject\phpside\Furniture.php on line 21
[03-Sep-2024 01:26:06 Europe/Berlin] PHP Deprecated:  Creation of dynamic property Furniture::$item_type is deprecated in C:\xampp\htdocs\DemoProject\phpside\Furniture.php on line 22
[03-Sep-2024 01:26:06 Europe/Berlin] PHP Fatal error:  Uncaught PDOException: SQLSTATE[3D000]: Invalid catalog name: 1046 No database selected in C:\xampp\htdocs\DemoProject\phpside\Furniture.php:24
Stack trace:
#0 C:\xampp\htdocs\DemoProject\phpside\Furniture.php(24): PDOStatement->execute()
#1 C:\xampp\htdocs\DemoProject\phpside\index.php(43): Furniture->save(Object(PDO))
#2 {main}
  thrown in C:\xampp\htdocs\DemoProject\phpside\Furniture.php on line 24
[03-Sep-2024 01:26:07 Europe/Berlin] PHP Deprecated:  Creation of dynamic property Furniture::$id is deprecated in C:\xampp\htdocs\DemoProject\phpside\Furniture.php on line 19
[03-Sep-2024 01:26:07 Europe/Berlin] PHP Deprecated:  Creation of dynamic property Furniture::$name is deprecated in C:\xampp\htdocs\DemoProject\phpside\Furniture.php on line 20
[03-Sep-2024 01:26:07 Europe/Berlin] PHP Deprecated:  Creation of dynamic property Furniture::$price is deprecated in C:\xampp\htdocs\DemoProject\phpside\Furniture.php on line 21
[03-Sep-2024 01:26:07 Europe/Berlin] PHP Deprecated:  Creation of dynamic property Furniture::$item_type is deprecated in C:\xampp\htdocs\DemoProject\phpside\Furniture.php on line 22
[03-Sep-2024 01:26:07 Europe/Berlin] PHP Fatal error:  Uncaught PDOException: SQLSTATE[3D000]: Invalid catalog name: 1046 No database selected in C:\xampp\htdocs\DemoProject\phpside\Furniture.php:24
Stack trace:
#0 C:\xampp\htdocs\DemoProject\phpside\Furniture.php(24): PDOStatement->execute()
#1 C:\xampp\htdocs\DemoProject\phpside\index.php(43): Furniture->save(Object(PDO))
#2 {main}
  thrown in C:\xampp\htdocs\DemoProject\phpside\Furniture.php on line 24
[03-Sep-2024 01:26:09 Europe/Berlin] PHP Deprecated:  Creation of dynamic property Furniture::$id is deprecated in C:\xampp\htdocs\DemoProject\phpside\Furniture.php on line 19
[03-Sep-2024 01:26:09 Europe/Berlin] PHP Deprecated:  Creation of dynamic property Furniture::$name is deprecated in C:\xampp\htdocs\DemoProject\phpside\Furniture.php on line 20
[03-Sep-2024 01:26:09 Europe/Berlin] PHP Deprecated:  Creation of dynamic property Furniture::$price is deprecated in C:\xampp\htdocs\DemoProject\phpside\Furniture.php on line 21
[03-Sep-2024 01:26:09 Europe/Berlin] PHP Deprecated:  Creation of dynamic property Furniture::$item_type is deprecated in C:\xampp\htdocs\DemoProject\phpside\Furniture.php on line 22
[03-Sep-2024 01:26:09 Europe/Berlin] PHP Fatal error:  Uncaught PDOException: SQLSTATE[3D000]: Invalid catalog name: 1046 No database selected in C:\xampp\htdocs\DemoProject\phpside\Furniture.php:24
Stack trace:
#0 C:\xampp\htdocs\DemoProject\phpside\Furniture.php(24): PDOStatement->execute()
#1 C:\xampp\htdocs\DemoProject\phpside\index.php(43): Furniture->save(Object(PDO))
#2 {main}
  thrown in C:\xampp\htdocs\DemoProject\phpside\Furniture.php on line 24
[03-Sep-2024 01:29:31 Europe/Berlin] PHP Deprecated:  Creation of dynamic property Furniture::$id is deprecated in C:\xampp\htdocs\DemoProject\phpside\Furniture.php on line 19
[03-Sep-2024 01:29:31 Europe/Berlin] PHP Deprecated:  Creation of dynamic property Furniture::$name is deprecated in C:\xampp\htdocs\DemoProject\phpside\Furniture.php on line 20
[03-Sep-2024 01:29:31 Europe/Berlin] PHP Deprecated:  Creation of dynamic property Furniture::$price is deprecated in C:\xampp\htdocs\DemoProject\phpside\Furniture.php on line 21
[03-Sep-2024 01:29:31 Europe/Berlin] PHP Deprecated:  Creation of dynamic property Furniture::$item_type is deprecated in C:\xampp\htdocs\DemoProject\phpside\Furniture.php on line 22
[03-Sep-2024 01:29:31 Europe/Berlin] PHP Fatal error:  Uncaught PDOException: SQLSTATE[3D000]: Invalid catalog name: 1046 No database selected in C:\xampp\htdocs\DemoProject\phpside\Furniture.php:24
Stack trace:
#0 C:\xampp\htdocs\DemoProject\phpside\Furniture.php(24): PDOStatement->execute()
#1 C:\xampp\htdocs\DemoProject\phpside\index.php(43): Furniture->save(Object(PDO))
#2 {main}
  thrown in C:\xampp\htdocs\DemoProject\phpside\Furniture.php on line 24
[03-Sep-2024 01:33:24 Europe/Berlin] PHP Deprecated:  Creation of dynamic property Furniture::$id is deprecated in C:\xampp\htdocs\DemoProject\phpside\Furniture.php on line 19
[03-Sep-2024 01:33:24 Europe/Berlin] PHP Deprecated:  Creation of dynamic property Furniture::$name is deprecated in C:\xampp\htdocs\DemoProject\phpside\Furniture.php on line 20
[03-Sep-2024 01:33:24 Europe/Berlin] PHP Deprecated:  Creation of dynamic property Furniture::$price is deprecated in C:\xampp\htdocs\DemoProject\phpside\Furniture.php on line 21
[03-Sep-2024 01:33:24 Europe/Berlin] PHP Deprecated:  Creation of dynamic property Furniture::$item_type is deprecated in C:\xampp\htdocs\DemoProject\phpside\Furniture.php on line 22
[03-Sep-2024 01:33:24 Europe/Berlin] PHP Fatal error:  Uncaught PDOException: SQLSTATE[3D000]: Invalid catalog name: 1046 No database selected in C:\xampp\htdocs\DemoProject\phpside\Furniture.php:24
Stack trace:
#0 C:\xampp\htdocs\DemoProject\phpside\Furniture.php(24): PDOStatement->execute()
#1 C:\xampp\htdocs\DemoProject\phpside\index.php(43): Furniture->save(Object(PDO))
#2 {main}
  thrown in C:\xampp\htdocs\DemoProject\phpside\Furniture.php on line 24
[03-Sep-2024 01:33:25 Europe/Berlin] PHP Deprecated:  Creation of dynamic property Furniture::$id is deprecated in C:\xampp\htdocs\DemoProject\phpside\Furniture.php on line 19
[03-Sep-2024 01:33:25 Europe/Berlin] PHP Deprecated:  Creation of dynamic property Furniture::$name is deprecated in C:\xampp\htdocs\DemoProject\phpside\Furniture.php on line 20
[03-Sep-2024 01:33:25 Europe/Berlin] PHP Deprecated:  Creation of dynamic property Furniture::$price is deprecated in C:\xampp\htdocs\DemoProject\phpside\Furniture.php on line 21
[03-Sep-2024 01:33:25 Europe/Berlin] PHP Deprecated:  Creation of dynamic property Furniture::$item_type is deprecated in C:\xampp\htdocs\DemoProject\phpside\Furniture.php on line 22
[03-Sep-2024 01:33:25 Europe/Berlin] PHP Fatal error:  Uncaught PDOException: SQLSTATE[3D000]: Invalid catalog name: 1046 No database selected in C:\xampp\htdocs\DemoProject\phpside\Furniture.php:24
Stack trace:
#0 C:\xampp\htdocs\DemoProject\phpside\Furniture.php(24): PDOStatement->execute()
#1 C:\xampp\htdocs\DemoProject\phpside\index.php(43): Furniture->save(Object(PDO))
#2 {main}
  thrown in C:\xampp\htdocs\DemoProject\phpside\Furniture.php on line 24
[03-Sep-2024 01:33:39 Europe/Berlin] PHP Deprecated:  Creation of dynamic property Furniture::$id is deprecated in C:\xampp\htdocs\DemoProject\phpside\Furniture.php on line 19
[03-Sep-2024 01:33:39 Europe/Berlin] PHP Deprecated:  Creation of dynamic property Furniture::$name is deprecated in C:\xampp\htdocs\DemoProject\phpside\Furniture.php on line 20
[03-Sep-2024 01:33:39 Europe/Berlin] PHP Deprecated:  Creation of dynamic property Furniture::$price is deprecated in C:\xampp\htdocs\DemoProject\phpside\Furniture.php on line 21
[03-Sep-2024 01:33:39 Europe/Berlin] PHP Deprecated:  Creation of dynamic property Furniture::$item_type is deprecated in C:\xampp\htdocs\DemoProject\phpside\Furniture.php on line 22
[03-Sep-2024 01:33:39 Europe/Berlin] PHP Fatal error:  Uncaught PDOException: SQLSTATE[3D000]: Invalid catalog name: 1046 No database selected in C:\xampp\htdocs\DemoProject\phpside\Furniture.php:24
Stack trace:
#0 C:\xampp\htdocs\DemoProject\phpside\Furniture.php(24): PDOStatement->execute()
#1 C:\xampp\htdocs\DemoProject\phpside\index.php(43): Furniture->save(Object(PDO))
#2 {main}
  thrown in C:\xampp\htdocs\DemoProject\phpside\Furniture.php on line 24
[03-Sep-2024 01:37:57 Europe/Berlin] PHP Fatal error:  Uncaught PDOException: SQLSTATE[3D000]: Invalid catalog name: 1046 No database selected in C:\xampp\htdocs\DemoProject\phpside\index.php:49
Stack trace:
#0 C:\xampp\htdocs\DemoProject\phpside\index.php(49): PDOStatement->execute()
#1 {main}
  thrown in C:\xampp\htdocs\DemoProject\phpside\index.php on line 49
[03-Sep-2024 01:39:29 Europe/Berlin] PHP Fatal error:  Uncaught PDOException: SQLSTATE[3D000]: Invalid catalog name: 1046 No database selected in C:\xampp\htdocs\DemoProject\phpside\index.php:49
Stack trace:
#0 C:\xampp\htdocs\DemoProject\phpside\index.php(49): PDOStatement->execute()
#1 {main}
  thrown in C:\xampp\htdocs\DemoProject\phpside\index.php on line 49
[03-Sep-2024 01:39:31 Europe/Berlin] PHP Fatal error:  Uncaught PDOException: SQLSTATE[3D000]: Invalid catalog name: 1046 No database selected in C:\xampp\htdocs\DemoProject\phpside\index.php:49
Stack trace:
#0 C:\xampp\htdocs\DemoProject\phpside\index.php(49): PDOStatement->execute()
#1 {main}
  thrown in C:\xampp\htdocs\DemoProject\phpside\index.php on line 49
[03-Sep-2024 01:45:25 Europe/Berlin] PHP Fatal error:  Uncaught PDOException: SQLSTATE[23000]: Integrity constraint violation: 1062 Duplicate entry 'ok' for key 'items_information.PRIMARY' in C:\xampp\htdocs\DemoProject\phpside\index.php:49
Stack trace:
#0 C:\xampp\htdocs\DemoProject\phpside\index.php(49): PDOStatement->execute()
#1 {main}
  thrown in C:\xampp\htdocs\DemoProject\phpside\index.php on line 49
[03-Sep-2024 01:47:12 Europe/Berlin] PHP Fatal error:  Uncaught PDOException: SQLSTATE[23000]: Integrity constraint violation: 1062 Duplicate entry 'ok' for key 'items_information.PRIMARY' in C:\xampp\htdocs\DemoProject\phpside\index.php:49
Stack trace:
#0 C:\xampp\htdocs\DemoProject\phpside\index.php(49): PDOStatement->execute()
#1 {main}
  thrown in C:\xampp\htdocs\DemoProject\phpside\index.php on line 49
[03-Sep-2024 01:48:46 Europe/Berlin] PHP Deprecated:  Creation of dynamic property Furniture::$id is deprecated in C:\xampp\htdocs\DemoProject\phpside\Furniture.php on line 19
[03-Sep-2024 01:48:46 Europe/Berlin] PHP Deprecated:  Creation of dynamic property Furniture::$name is deprecated in C:\xampp\htdocs\DemoProject\phpside\Furniture.php on line 20
[03-Sep-2024 01:48:46 Europe/Berlin] PHP Deprecated:  Creation of dynamic property Furniture::$price is deprecated in C:\xampp\htdocs\DemoProject\phpside\Furniture.php on line 21
[03-Sep-2024 01:48:46 Europe/Berlin] PHP Deprecated:  Creation of dynamic property Furniture::$item_type is deprecated in C:\xampp\htdocs\DemoProject\phpside\Furniture.php on line 22
[03-Sep-2024 01:48:46 Europe/Berlin] PHP Fatal error:  Uncaught PDOException: SQLSTATE[23000]: Integrity constraint violation: 1048 Column 'id' cannot be null in C:\xampp\htdocs\DemoProject\phpside\Furniture.php:24
Stack trace:
#0 C:\xampp\htdocs\DemoProject\phpside\Furniture.php(24): PDOStatement->execute()
#1 C:\xampp\htdocs\DemoProject\phpside\index.php(43): Furniture->save(Object(PDO))
#2 {main}
  thrown in C:\xampp\htdocs\DemoProject\phpside\Furniture.php on line 24
[03-Sep-2024 01:54:08 Europe/Berlin] PHP Deprecated:  Creation of dynamic property Furniture::$id is deprecated in C:\xampp\htdocs\DemoProject\phpside\Furniture.php on line 19
[03-Sep-2024 01:54:08 Europe/Berlin] PHP Deprecated:  Creation of dynamic property Furniture::$name is deprecated in C:\xampp\htdocs\DemoProject\phpside\Furniture.php on line 20
[03-Sep-2024 01:54:08 Europe/Berlin] PHP Deprecated:  Creation of dynamic property Furniture::$price is deprecated in C:\xampp\htdocs\DemoProject\phpside\Furniture.php on line 21
[03-Sep-2024 01:54:08 Europe/Berlin] PHP Deprecated:  Creation of dynamic property Furniture::$item_type is deprecated in C:\xampp\htdocs\DemoProject\phpside\Furniture.php on line 22
[03-Sep-2024 01:54:08 Europe/Berlin] PHP Fatal error:  Uncaught PDOException: SQLSTATE[23000]: Integrity constraint violation: 1048 Column 'id' cannot be null in C:\xampp\htdocs\DemoProject\phpside\Furniture.php:24
Stack trace:
#0 C:\xampp\htdocs\DemoProject\phpside\Furniture.php(24): PDOStatement->execute()
#1 C:\xampp\htdocs\DemoProject\phpside\index.php(43): Furniture->save(Object(PDO))
#2 {main}
  thrown in C:\xampp\htdocs\DemoProject\phpside\Furniture.php on line 24
[03-Sep-2024 02:01:11 Europe/Berlin] PHP Fatal error:  Uncaught PDOException: SQLSTATE[23000]: Integrity constraint violation: 1062 Duplicate entry 'ok' for key 'items_information.PRIMARY' in C:\xampp\htdocs\DemoProject\phpside\Furniture.php:24
Stack trace:
#0 C:\xampp\htdocs\DemoProject\phpside\Furniture.php(24): PDOStatement->execute()
#1 C:\xampp\htdocs\DemoProject\phpside\index.php(43): Furniture->save(Object(PDO))
#2 {main}
  thrown in C:\xampp\htdocs\DemoProject\phpside\Furniture.php on line 24
[04-Sep-2024 03:19:52 Europe/Berlin] PHP Fatal error:  Cannot declare class Items, because the name is already in use in C:\xampp\htdocs\DemoProject\phpside\Items.php on line 3
[04-Sep-2024 03:23:04 Europe/Berlin] PHP Fatal error:  Cannot declare class Items, because the name is already in use in C:\xampp\htdocs\DemoProject\phpside\Items.php on line 3
[04-Sep-2024 03:23:31 Europe/Berlin] PHP Fatal error:  Cannot declare class Items, because the name is already in use in C:\xampp\htdocs\DemoProject\phpside\Items.php on line 3
[04-Sep-2024 03:25:43 Europe/Berlin] PHP Fatal error:  Cannot declare class Items, because the name is already in use in C:\xampp\htdocs\DemoProject\phpside\Items.php on line 3
[04-Sep-2024 03:25:43 Europe/Berlin] PHP Fatal error:  Cannot declare class Items, because the name is already in use in C:\xampp\htdocs\DemoProject\phpside\Items.php on line 3
[04-Sep-2024 03:26:12 Europe/Berlin] PHP Fatal error:  Cannot declare class Items, because the name is already in use in C:\xampp\htdocs\DemoProject\phpside\Items.php on line 3
[04-Sep-2024 03:26:12 Europe/Berlin] PHP Fatal error:  Cannot declare class Items, because the name is already in use in C:\xampp\htdocs\DemoProject\phpside\Items.php on line 3
[04-Sep-2024 03:26:54 Europe/Berlin] PHP Fatal error:  Cannot declare class Items, because the name is already in use in C:\xampp\htdocs\DemoProject\phpside\Items.php on line 3
[04-Sep-2024 03:26:54 Europe/Berlin] PHP Fatal error:  Cannot declare class Items, because the name is already in use in C:\xampp\htdocs\DemoProject\phpside\Items.php on line 3
[04-Sep-2024 03:26:59 Europe/Berlin] PHP Fatal error:  Cannot declare class Items, because the name is already in use in C:\xampp\htdocs\DemoProject\phpside\Items.php on line 3
[04-Sep-2024 03:26:59 Europe/Berlin] PHP Fatal error:  Cannot declare class Items, because the name is already in use in C:\xampp\htdocs\DemoProject\phpside\Items.php on line 3
[04-Sep-2024 03:27:05 Europe/Berlin] PHP Fatal error:  Cannot declare class Items, because the name is already in use in C:\xampp\htdocs\DemoProject\phpside\Items.php on line 3
[04-Sep-2024 03:27:05 Europe/Berlin] PHP Fatal error:  Cannot declare class Items, because the name is already in use in C:\xampp\htdocs\DemoProject\phpside\Items.php on line 3
[04-Sep-2024 03:29:11 Europe/Berlin] PHP Fatal error:  Cannot declare class Items, because the name is already in use in C:\xampp\htdocs\DemoProject\phpside\Items.php on line 3
[04-Sep-2024 03:29:11 Europe/Berlin] PHP Fatal error:  Cannot declare class Items, because the name is already in use in C:\xampp\htdocs\DemoProject\phpside\Items.php on line 3
[04-Sep-2024 03:46:18 Europe/Berlin] PHP Fatal error:  Cannot declare class Items, because the name is already in use in C:\xampp\htdocs\DemoProject\phpside\Items.php on line 3
[04-Sep-2024 03:46:18 Europe/Berlin] PHP Fatal error:  Cannot declare class Items, because the name is already in use in C:\xampp\htdocs\DemoProject\phpside\Items.php on line 3
[04-Sep-2024 03:57:08 Europe/Berlin] PHP Fatal error:  Cannot declare class Items, because the name is already in use in C:\xampp\htdocs\DemoProject\phpside\Items.php on line 3
[04-Sep-2024 03:57:08 Europe/Berlin] PHP Fatal error:  Cannot declare class Items, because the name is already in use in C:\xampp\htdocs\DemoProject\phpside\Items.php on line 3
[04-Sep-2024 06:17:08 Europe/Berlin] PHP Fatal error:  Uncaught PDOException: SQLSTATE[42S22]: Column not found: 1054 Unknown column 'B_123' in 'where clause' in C:\xampp\htdocs\DemoProject\phpside\index.php:71
Stack trace:
#0 C:\xampp\htdocs\DemoProject\phpside\index.php(71): PDOStatement->execute()
#1 {main}
  thrown in C:\xampp\htdocs\DemoProject\phpside\index.php on line 71
[04-Sep-2024 06:19:13 Europe/Berlin] PHP Fatal error:  Uncaught PDOException: SQLSTATE[42S22]: Column not found: 1054 Unknown column 'B_123' in 'where clause' in C:\xampp\htdocs\DemoProject\phpside\index.php:70
Stack trace:
#0 C:\xampp\htdocs\DemoProject\phpside\index.php(70): PDOStatement->execute()
#1 {main}
  thrown in C:\xampp\htdocs\DemoProject\phpside\index.php on line 70
[04-Sep-2024 06:19:33 Europe/Berlin] PHP Fatal error:  Uncaught PDOException: SQLSTATE[42000]: Syntax error or access violation: 1064 You have an error in your SQL syntax; check the manual that corresponds to your MySQL server version for the right syntax to use near '...checkedData, "B_123")' at line 1 in C:\xampp\htdocs\DemoProject\phpside\index.php:70
Stack trace:
#0 C:\xampp\htdocs\DemoProject\phpside\index.php(70): PDOStatement->execute()
#1 {main}
  thrown in C:\xampp\htdocs\DemoProject\phpside\index.php on line 70
[04-Sep-2024 06:24:24 Europe/Berlin] PHP Fatal error:  Uncaught PDOException: SQLSTATE[42S22]: Column not found: 1054 Unknown column 'B_123' in 'where clause' in C:\xampp\htdocs\DemoProject\phpside\index.php:70
Stack trace:
#0 C:\xampp\htdocs\DemoProject\phpside\index.php(70): PDOStatement->execute()
#1 {main}
  thrown in C:\xampp\htdocs\DemoProject\phpside\index.php on line 70
[04-Sep-2024 06:27:40 Europe/Berlin] PHP Fatal error:  Uncaught PDOException: SQLSTATE[42S22]: Column not found: 1054 Unknown column 'B_123' in 'where clause' in C:\xampp\htdocs\DemoProject\phpside\index.php:70
Stack trace:
#0 C:\xampp\htdocs\DemoProject\phpside\index.php(70): PDOStatement->execute()
#1 {main}
  thrown in C:\xampp\htdocs\DemoProject\phpside\index.php on line 70
[04-Sep-2024 06:27:42 Europe/Berlin] PHP Fatal error:  Uncaught PDOException: SQLSTATE[42S22]: Column not found: 1054 Unknown column 'B_123' in 'where clause' in C:\xampp\htdocs\DemoProject\phpside\index.php:70
Stack trace:
#0 C:\xampp\htdocs\DemoProject\phpside\index.php(70): PDOStatement->execute()
#1 {main}
  thrown in C:\xampp\htdocs\DemoProject\phpside\index.php on line 70
[04-Sep-2024 06:27:46 Europe/Berlin] PHP Fatal error:  Uncaught PDOException: SQLSTATE[42S22]: Column not found: 1054 Unknown column 'DVD_123' in 'where clause' in C:\xampp\htdocs\DemoProject\phpside\index.php:70
Stack trace:
#0 C:\xampp\htdocs\DemoProject\phpside\index.php(70): PDOStatement->execute()
#1 {main}
  thrown in C:\xampp\htdocs\DemoProject\phpside\index.php on line 70
[04-Sep-2024 06:27:48 Europe/Berlin] PHP Fatal error:  Uncaught PDOException: SQLSTATE[42S22]: Column not found: 1054 Unknown column 'DVD_123' in 'where clause' in C:\xampp\htdocs\DemoProject\phpside\index.php:70
Stack trace:
#0 C:\xampp\htdocs\DemoProject\phpside\index.php(70): PDOStatement->execute()
#1 {main}
  thrown in C:\xampp\htdocs\DemoProject\phpside\index.php on line 70
[04-Sep-2024 06:27:57 Europe/Berlin] PHP Fatal error:  Uncaught PDOException: SQLSTATE[42S22]: Column not found: 1054 Unknown column 'DVD_123' in 'where clause' in C:\xampp\htdocs\DemoProject\phpside\index.php:70
Stack trace:
#0 C:\xampp\htdocs\DemoProject\phpside\index.php(70): PDOStatement->execute()
#1 {main}
  thrown in C:\xampp\htdocs\DemoProject\phpside\index.php on line 70
[04-Sep-2024 06:29:42 Europe/Berlin] PHP Fatal error:  Uncaught PDOException: SQLSTATE[42000]: Syntax error or access violation: 1064 You have an error in your SQL syntax; check the manual that corresponds to your MySQL server version for the right syntax to use near ')' at line 1 in C:\xampp\htdocs\DemoProject\phpside\index.php:70
Stack trace:
#0 C:\xampp\htdocs\DemoProject\phpside\index.php(70): PDOStatement->execute()
#1 {main}
  thrown in C:\xampp\htdocs\DemoProject\phpside\index.php on line 70
[04-Sep-2024 06:34:14 Europe/Berlin] PHP Fatal error:  Uncaught PDOException: SQLSTATE[42S22]: Column not found: 1054 Unknown column 'BD4' in 'where clause' in C:\xampp\htdocs\DemoProject\phpside\index.php:70
Stack trace:
#0 C:\xampp\htdocs\DemoProject\phpside\index.php(70): PDOStatement->execute()
#1 {main}
  thrown in C:\xampp\htdocs\DemoProject\phpside\index.php on line 70
[04-Sep-2024 06:34:30 Europe/Berlin] PHP Fatal error:  Uncaught PDOException: SQLSTATE[42000]: Syntax error or access violation: 1064 You have an error in your SQL syntax; check the manual that corresponds to your MySQL server version for the right syntax to use near ')' at line 1 in C:\xampp\htdocs\DemoProject\phpside\index.php:70
Stack trace:
#0 C:\xampp\htdocs\DemoProject\phpside\index.php(70): PDOStatement->execute()
#1 {main}
  thrown in C:\xampp\htdocs\DemoProject\phpside\index.php on line 70
[04-Sep-2024 06:34:41 Europe/Berlin] PHP Fatal error:  Uncaught PDOException: SQLSTATE[42000]: Syntax error or access violation: 1064 You have an error in your SQL syntax; check the manual that corresponds to your MySQL server version for the right syntax to use near ')' at line 1 in C:\xampp\htdocs\DemoProject\phpside\index.php:70
Stack trace:
#0 C:\xampp\htdocs\DemoProject\phpside\index.php(70): PDOStatement->execute()
#1 {main}
  thrown in C:\xampp\htdocs\DemoProject\phpside\index.php on line 70
[04-Sep-2024 06:34:51 Europe/Berlin] PHP Fatal error:  Uncaught PDOException: SQLSTATE[42S22]: Column not found: 1054 Unknown column 'BD4' in 'where clause' in C:\xampp\htdocs\DemoProject\phpside\index.php:70
Stack trace:
#0 C:\xampp\htdocs\DemoProject\phpside\index.php(70): PDOStatement->execute()
#1 {main}
  thrown in C:\xampp\htdocs\DemoProject\phpside\index.php on line 70
[04-Sep-2024 06:34:56 Europe/Berlin] PHP Fatal error:  Uncaught PDOException: SQLSTATE[42S22]: Column not found: 1054 Unknown column 'BD4' in 'where clause' in C:\xampp\htdocs\DemoProject\phpside\index.php:70
Stack trace:
#0 C:\xampp\htdocs\DemoProject\phpside\index.php(70): PDOStatement->execute()
#1 {main}
  thrown in C:\xampp\htdocs\DemoProject\phpside\index.php on line 70
[04-Sep-2024 06:37:39 Europe/Berlin] PHP Fatal error:  Uncaught PDOException: SQLSTATE[42S22]: Column not found: 1054 Unknown column 'DVD1' in 'where clause' in C:\xampp\htdocs\DemoProject\phpside\index.php:70
Stack trace:
#0 C:\xampp\htdocs\DemoProject\phpside\index.php(70): PDOStatement->execute()
#1 {main}
  thrown in C:\xampp\htdocs\DemoProject\phpside\index.php on line 70
[04-Sep-2024 06:38:59 Europe/Berlin] PHP Fatal error:  Uncaught PDOException: SQLSTATE[42S22]: Column not found: 1054 Unknown column 'DVD1' in 'where clause' in C:\xampp\htdocs\DemoProject\phpside\index.php:70
Stack trace:
#0 C:\xampp\htdocs\DemoProject\phpside\index.php(70): PDOStatement->execute()
#1 {main}
  thrown in C:\xampp\htdocs\DemoProject\phpside\index.php on line 70
[04-Sep-2024 06:39:09 Europe/Berlin] PHP Fatal error:  Uncaught PDOException: SQLSTATE[42S22]: Column not found: 1054 Unknown column 'DVD1' in 'where clause' in C:\xampp\htdocs\DemoProject\phpside\index.php:70
Stack trace:
#0 C:\xampp\htdocs\DemoProject\phpside\index.php(70): PDOStatement->execute()
#1 {main}
  thrown in C:\xampp\htdocs\DemoProject\phpside\index.php on line 70
[04-Sep-2024 18:09:00 Europe/Berlin] PHP Fatal error:  Uncaught PDOException: SQLSTATE[23000]: Integrity constraint violation: 1062 Duplicate entry 'f_123' for key 'items_information.PRIMARY' in C:\xampp\htdocs\DemoProject\backend\DVD.php:24
Stack trace:
#0 C:\xampp\htdocs\DemoProject\backend\DVD.php(24): PDOStatement->execute()
#1 C:\xampp\htdocs\DemoProject\backend\index.php(45): DVD->save(Object(PDO))
#2 {main}
  thrown in C:\xampp\htdocs\DemoProject\backend\DVD.php on line 24
[04-Sep-2024 18:14:14 Europe/Berlin] PHP Fatal error:  Uncaught PDOException: SQLSTATE[42000]: Syntax error or access violation: 1064 You have an error in your SQL syntax; check the manual that corresponds to your MySQL server version for the right syntax to use near ')' at line 1 in C:\xampp\htdocs\DemoProject\backend\index.php:69
Stack trace:
#0 C:\xampp\htdocs\DemoProject\backend\index.php(69): PDOStatement->execute()
#1 {main}
  thrown in C:\xampp\htdocs\DemoProject\backend\index.php on line 69
[04-Sep-2024 18:14:32 Europe/Berlin] PHP Fatal error:  Uncaught PDOException: SQLSTATE[42000]: Syntax error or access violation: 1064 You have an error in your SQL syntax; check the manual that corresponds to your MySQL server version for the right syntax to use near ')' at line 1 in C:\xampp\htdocs\DemoProject\backend\index.php:69
Stack trace:
#0 C:\xampp\htdocs\DemoProject\backend\index.php(69): PDOStatement->execute()
#1 {main}
  thrown in C:\xampp\htdocs\DemoProject\backend\index.php on line 69
[05-Sep-2024 04:05:27 Europe/Berlin] PHP Parse error:  syntax error, unexpected token "public", expecting "(" in C:\xampp\htdocs\DemoProject\backend\Items.php on line 16
[05-Sep-2024 04:13:42 Europe/Berlin] PHP Parse error:  Unterminated comment starting line 17 in C:\xampp\htdocs\DemoProject\backend\Items.php on line 17
[05-Sep-2024 04:13:42 Europe/Berlin] PHP Parse error:  Unterminated comment starting line 17 in C:\xampp\htdocs\DemoProject\backend\Items.php on line 17
[05-Sep-2024 04:16:47 Europe/Berlin] PHP Warning:  Undefined variable $Furniture in C:\xampp\htdocs\DemoProject\backend\index.php on line 67
[05-Sep-2024 04:16:47 Europe/Berlin] PHP Fatal error:  Uncaught Error: Class name must be a valid object or a string in C:\xampp\htdocs\DemoProject\backend\index.php:67
Stack trace:
#0 {main}
  thrown in C:\xampp\htdocs\DemoProject\backend\index.php on line 67
[05-Sep-2024 04:17:45 Europe/Berlin] PHP Warning:  Undefined variable $Furniture in C:\xampp\htdocs\DemoProject\backend\index.php on line 67
[05-Sep-2024 04:17:45 Europe/Berlin] PHP Fatal error:  Uncaught Error: Class name must be a valid object or a string in C:\xampp\htdocs\DemoProject\backend\index.php:67
Stack trace:
#0 {main}
  thrown in C:\xampp\htdocs\DemoProject\backend\index.php on line 67
[05-Sep-2024 04:19:02 Europe/Berlin] PHP Fatal error:  Uncaught ArgumentCountError: Too few arguments to function Furniture::__construct(), 0 passed in C:\xampp\htdocs\DemoProject\backend\index.php on line 67 and exactly 4 expected in C:\xampp\htdocs\DemoProject\backend\Furniture.php:8
Stack trace:
#0 C:\xampp\htdocs\DemoProject\backend\index.php(67): Furniture->__construct()
#1 {main}
  thrown in C:\xampp\htdocs\DemoProject\backend\Furniture.php on line 8
[05-Sep-2024 04:19:05 Europe/Berlin] PHP Fatal error:  Uncaught ArgumentCountError: Too few arguments to function Furniture::__construct(), 0 passed in C:\xampp\htdocs\DemoProject\backend\index.php on line 67 and exactly 4 expected in C:\xampp\htdocs\DemoProject\backend\Furniture.php:8
Stack trace:
#0 C:\xampp\htdocs\DemoProject\backend\index.php(67): Furniture->__construct()
#1 {main}
  thrown in C:\xampp\htdocs\DemoProject\backend\Furniture.php on line 8
[05-Sep-2024 04:19:29 Europe/Berlin] PHP Warning:  Undefined variable $Furniture in C:\xampp\htdocs\DemoProject\backend\index.php on line 68
[05-Sep-2024 04:19:29 Europe/Berlin] PHP Fatal error:  Uncaught Error: Call to a member function deleteItems() on null in C:\xampp\htdocs\DemoProject\backend\index.php:68
Stack trace:
#0 {main}
  thrown in C:\xampp\htdocs\DemoProject\backend\index.php on line 68
[05-Sep-2024 04:27:50 Europe/Berlin] PHP Fatal error:  Uncaught TypeError: implode(): Argument #1 ($array) must be of type array, string given in C:\xampp\htdocs\DemoProject\backend\index.php:59
Stack trace:
#0 C:\xampp\htdocs\DemoProject\backend\index.php(59): implode(', ', NULL)
#1 {main}
  thrown in C:\xampp\htdocs\DemoProject\backend\index.php on line 59
[05-Sep-2024 04:27:53 Europe/Berlin] PHP Fatal error:  Uncaught TypeError: implode(): Argument #1 ($array) must be of type array, string given in C:\xampp\htdocs\DemoProject\backend\index.php:59
Stack trace:
#0 C:\xampp\htdocs\DemoProject\backend\index.php(59): implode(', ', NULL)
#1 {main}
  thrown in C:\xampp\htdocs\DemoProject\backend\index.php on line 59
[05-Sep-2024 04:27:53 Europe/Berlin] PHP Fatal error:  Uncaught TypeError: implode(): Argument #1 ($array) must be of type array, string given in C:\xampp\htdocs\DemoProject\backend\index.php:59
Stack trace:
#0 C:\xampp\htdocs\DemoProject\backend\index.php(59): implode(', ', NULL)
#1 {main}
  thrown in C:\xampp\htdocs\DemoProject\backend\index.php on line 59
[05-Sep-2024 06:04:31 Europe/Berlin] PHP Fatal error:  Uncaught PDOException: SQLSTATE[HY000]: General error: 1366 Incorrect integer value: '[object HTMLInputElement]' for column 'size' at row 1 in C:\xampp\htdocs\DemoProject\backend\DVD.php:24
Stack trace:
#0 C:\xampp\htdocs\DemoProject\backend\DVD.php(24): PDOStatement->execute()
#1 C:\xampp\htdocs\DemoProject\backend\index.php(45): DVD->save(Object(PDO))
#2 {main}
  thrown in C:\xampp\htdocs\DemoProject\backend\DVD.php on line 24
[05-Sep-2024 06:04:36 Europe/Berlin] PHP Fatal error:  Uncaught PDOException: SQLSTATE[HY000]: General error: 1366 Incorrect integer value: '[object HTMLInputElement]' for column 'size' at row 1 in C:\xampp\htdocs\DemoProject\backend\DVD.php:24
Stack trace:
#0 C:\xampp\htdocs\DemoProject\backend\DVD.php(24): PDOStatement->execute()
#1 C:\xampp\htdocs\DemoProject\backend\index.php(45): DVD->save(Object(PDO))
#2 {main}
  thrown in C:\xampp\htdocs\DemoProject\backend\DVD.php on line 24
[05-Sep-2024 06:05:51 Europe/Berlin] PHP Fatal error:  Uncaught PDOException: SQLSTATE[HY000]: General error: 1366 Incorrect integer value: '[object HTMLInputElement]' for column 'size' at row 1 in C:\xampp\htdocs\DemoProject\backend\DVD.php:24
Stack trace:
#0 C:\xampp\htdocs\DemoProject\backend\DVD.php(24): PDOStatement->execute()
#1 C:\xampp\htdocs\DemoProject\backend\index.php(45): DVD->save(Object(PDO))
#2 {main}
  thrown in C:\xampp\htdocs\DemoProject\backend\DVD.php on line 24
[05-Sep-2024 06:08:10 Europe/Berlin] PHP Fatal error:  Uncaught PDOException: SQLSTATE[23000]: Integrity constraint violation: 1062 Duplicate entry 'S_20' for key 'items_information.PRIMARY' in C:\xampp\htdocs\DemoProject\backend\DVD.php:24
Stack trace:
#0 C:\xampp\htdocs\DemoProject\backend\DVD.php(24): PDOStatement->execute()
#1 C:\xampp\htdocs\DemoProject\backend\index.php(45): DVD->save(Object(PDO))
#2 {main}
  thrown in C:\xampp\htdocs\DemoProject\backend\DVD.php on line 24
[05-Sep-2024 06:08:36 Europe/Berlin] PHP Fatal error:  Uncaught PDOException: SQLSTATE[01000]: Warning: 1265 Data truncated for column 'price' at row 1 in C:\xampp\htdocs\DemoProject\backend\DVD.php:24
Stack trace:
#0 C:\xampp\htdocs\DemoProject\backend\DVD.php(24): PDOStatement->execute()
#1 C:\xampp\htdocs\DemoProject\backend\index.php(45): DVD->save(Object(PDO))
#2 {main}
  thrown in C:\xampp\htdocs\DemoProject\backend\DVD.php on line 24
[05-Sep-2024 06:09:15 Europe/Berlin] PHP Fatal error:  Uncaught PDOException: SQLSTATE[01000]: Warning: 1265 Data truncated for column 'price' at row 1 in C:\xampp\htdocs\DemoProject\backend\Furniture.php:24
Stack trace:
#0 C:\xampp\htdocs\DemoProject\backend\Furniture.php(24): PDOStatement->execute()
#1 C:\xampp\htdocs\DemoProject\backend\index.php(45): Furniture->save(Object(PDO))
#2 {main}
  thrown in C:\xampp\htdocs\DemoProject\backend\Furniture.php on line 24
[05-Sep-2024 06:09:17 Europe/Berlin] PHP Fatal error:  Uncaught PDOException: SQLSTATE[01000]: Warning: 1265 Data truncated for column 'price' at row 1 in C:\xampp\htdocs\DemoProject\backend\Furniture.php:24
Stack trace:
#0 C:\xampp\htdocs\DemoProject\backend\Furniture.php(24): PDOStatement->execute()
#1 C:\xampp\htdocs\DemoProject\backend\index.php(45): Furniture->save(Object(PDO))
#2 {main}
  thrown in C:\xampp\htdocs\DemoProject\backend\Furniture.php on line 24
[05-Sep-2024 06:39:23 Europe/Berlin] PHP Fatal error:  Uncaught PDOException: SQLSTATE[23000]: Integrity constraint violation: 1062 Duplicate entry 'B_4' for key 'items_information.PRIMARY' in C:\xampp\htdocs\DemoProject\backend\Book.php:22
Stack trace:
#0 C:\xampp\htdocs\DemoProject\backend\Book.php(22): PDOStatement->execute()
#1 C:\xampp\htdocs\DemoProject\backend\index.php(44): Book->save(Object(PDO))
#2 {main}
  thrown in C:\xampp\htdocs\DemoProject\backend\Book.php on line 22
[05-Sep-2024 06:45:05 Europe/Berlin] PHP Fatal error:  Uncaught PDOException: SQLSTATE[23000]: Integrity constraint violation: 1062 Duplicate entry 'B_1' for key 'items_information.PRIMARY' in C:\xampp\htdocs\DemoProject\backend\Book.php:22
Stack trace:
#0 C:\xampp\htdocs\DemoProject\backend\Book.php(22): PDOStatement->execute()
#1 C:\xampp\htdocs\DemoProject\backend\index.php(44): Book->save(Object(PDO))
#2 {main}
  thrown in C:\xampp\htdocs\DemoProject\backend\Book.php on line 22
[05-Sep-2024 06:46:17 Europe/Berlin] PHP Fatal error:  Uncaught PDOException: SQLSTATE[23000]: Integrity constraint violation: 1062 Duplicate entry 'B_1' for key 'items_information.PRIMARY' in C:\xampp\htdocs\DemoProject\backend\Book.php:22
Stack trace:
#0 C:\xampp\htdocs\DemoProject\backend\Book.php(22): PDOStatement->execute()
#1 C:\xampp\htdocs\DemoProject\backend\index.php(44): Book->save(Object(PDO))
#2 {main}
  thrown in C:\xampp\htdocs\DemoProject\backend\Book.php on line 22
[05-Sep-2024 06:46:30 Europe/Berlin] PHP Fatal error:  Uncaught PDOException: SQLSTATE[23000]: Integrity constraint violation: 1062 Duplicate entry 'B_2' for key 'items_information.PRIMARY' in C:\xampp\htdocs\DemoProject\backend\Book.php:22
Stack trace:
#0 C:\xampp\htdocs\DemoProject\backend\Book.php(22): PDOStatement->execute()
#1 C:\xampp\htdocs\DemoProject\backend\index.php(44): Book->save(Object(PDO))
#2 {main}
  thrown in C:\xampp\htdocs\DemoProject\backend\Book.php on line 22
[05-Sep-2024 07:40:27 Europe/Berlin] PHP Fatal error:  Uncaught PDOException: SQLSTATE[42000]: Syntax error or access violation: 1064 You have an error in your SQL syntax; check the manual that corresponds to your MySQL server version for the right syntax to use near ')' at line 1 in C:\xampp\htdocs\DemoProject\backend\Items.php:22
Stack trace:
#0 C:\xampp\htdocs\DemoProject\backend\Items.php(22): PDOStatement->execute()
#1 C:\xampp\htdocs\DemoProject\backend\index.php(60): Items->deleteItems(Object(PDO), '')
#2 {main}
  thrown in C:\xampp\htdocs\DemoProject\backend\Items.php on line 22
[05-Sep-2024 07:40:30 Europe/Berlin] PHP Fatal error:  Uncaught PDOException: SQLSTATE[42000]: Syntax error or access violation: 1064 You have an error in your SQL syntax; check the manual that corresponds to your MySQL server version for the right syntax to use near ')' at line 1 in C:\xampp\htdocs\DemoProject\backend\Items.php:22
Stack trace:
#0 C:\xampp\htdocs\DemoProject\backend\Items.php(22): PDOStatement->execute()
#1 C:\xampp\htdocs\DemoProject\backend\index.php(60): Items->deleteItems(Object(PDO), '')
#2 {main}
  thrown in C:\xampp\htdocs\DemoProject\backend\Items.php on line 22
[05-Sep-2024 07:40:47 Europe/Berlin] PHP Fatal error:  Uncaught PDOException: SQLSTATE[23000]: Integrity constraint violation: 1062 Duplicate entry 'B_1' for key 'items_information.PRIMARY' in C:\xampp\htdocs\DemoProject\backend\Book.php:22
Stack trace:
#0 C:\xampp\htdocs\DemoProject\backend\Book.php(22): PDOStatement->execute()
#1 C:\xampp\htdocs\DemoProject\backend\index.php(44): Book->save(Object(PDO))
#2 {main}
  thrown in C:\xampp\htdocs\DemoProject\backend\Book.php on line 22
[05-Sep-2024 08:25:17 Europe/Berlin] PHP Fatal error:  Uncaught Error: Class "DbConnect" not found in C:\xampp\htdocs\DemoProject\backend\index.php:26
Stack trace:
#0 {main}
  thrown in C:\xampp\htdocs\DemoProject\backend\index.php on line 26
